1669469763780:help
1669469773637:hello
1669469881424:help
1669469890283:hello
1669469913292:quit
1669472183620:help
1669472196961:find person
1669472204337:find-person
1669473978614:help
1669473990026:print-driver
1669474992975:find-person
1669477275322:help
1669477285904:print-driver
1669483164273:help
1669483181187:print-driver
1669483744708:find-person
1669572765976:help
1669572774661:find-person
1669573083639:exit
1669580191023:find-person
1669580197767:find-all
1669580660884:exit
1669581884220:help
1669581898871:find-by-name
1669582533163:help
1669582557688:change-language
1669582569609:end
1669582576811:exit
1669583663685:d
1669583667778:help
1669583676551:find-all
1669583691637:find-by-name
1669583722901:change-language
1669728038680:help
1669829452466:find-all
1669829465448:insert-new-person
1669829573101:Ivan 21
1669839667412:insert-new-person
1669839687529:exit
1669839830009:insert-new-person
1669840803474:find-all
1669840815734:find-by-name
1669840832420:change-language
1669840836901:end
1669840850372:delite-person
1669840855261:help
1669840865500:delete-person
1669840881001:find-all
1669840884274:exit
